[backblue.gif]
[fade.gif]
[index.html]
[file/C_/Users/ADMIN/Downloads/TRANG TASA_files/css2]
[file/C_/Users/ADMIN/Downloads/TRANG TASA_files/ladipagev3.min.js.download]
[w.ladicdn.com/s768x778/609e366d17936e00688d6942/bg-20230512015241-kbri3.jpg]
[w.ladicdn.com/s750x500/609e366d17936e00688d6942/text-20230512040433-w8zwd.png]
[w.ladicdn.com/s750x700/609e366d17936e00688d6942/fb-20230512015154-bshne.png]
[w.ladicdn.com/s700x700/609e366d17936e00688d6942/1-7-20230512015117-d8lrh.png]
[w.ladicdn.com/s400x400/609e366d17936e00688d6942/1f449-20230512015957-dhym1.png]
[w.ladicdn.com/s650x600/609e366d17936e00688d6942/hang-20230512041811-ol2qm.png]
[w.ladicdn.com/s750x700/609e366d17936e00688d6942/trang-tasa-20230512042342-usewv.png]
[w.ladicdn.com/s750x650/609e366d17936e00688d6942/chuc-20230512042950-gq1_h.png]
[w.ladicdn.com/s750x700/609e366d17936e00688d6942/canh-bao-20230512042918-wxjul.png]
[w.ladicdn.com/s420x580/5c7362c6c417ab07e5196b05/background-20200812024651.png]
[w.ladicdn.com/s450x400/5c7362c6c417ab07e5196b05/hoa-hong-20200812024651.png]
[file/C_/Users/ADMIN/Downloads/TRANG TASA.html]
[file/C_/Users/ADMIN/Downloads/TRANG TASA_files/ladipage.formdata.min.js.download]
[file/C_/Users/ADMIN/Downloads/TRANG TASA_files/ladipage.formdata.min.js(1).download]
[w.ladicdn.com/s450x450/5c7362c6c417ab07e5196b05/dde87717a634a5f20914cc6540838a11-20200812024651-20200813063522.png]
